5/17/2019 2:58:06 AM
 
Log
Academy resetting

Log
Seed: 39

Log
Academy resetting

Log
Seed: 59

Log
Seed: 59

Log
Academy resetting

Log
Seed: 14

Log
You reached floor: 1

Log
Seed: 14

Log
Academy resetting

Log
You reached floor: 1

Log
Seed: 62

Log
You reached floor: 3

Log
Seed: 62

Log
Academy resetting

Log
You reached floor: 2

Log
Seed: 69

Log
You reached floor: 1

Log
Seed: 69

Log
Academy resetting

Log
You reached floor: 1

Log
Seed: 76

Log
You reached floor: 1

Log
Seed: 76

Log
Academy resetting

Log
You reached floor: 1

Log
Seed: 92

Log
You reached floor: 2

Log
Seed: 92

Log
Academy resetting

Log
You reached floor: 1

Log
Seed: 92

Log
Seed: 92

Log
Academy resetting

Log
Seed: 16

Log
You reached floor: 2

Log
Seed: 16

Log
Academy resetting

Log
You reached floor: 2

Log
Seed: 21

Log
You reached floor: 4

Log
Seed: 21

Log
Academy resetting

Log
You reached floor: 4

Log
Seed: 2

Log
You reached floor: 1

Log
Seed: 2

Log
Academy resetting

Log
You reached floor: 1

Log
Seed: 65

Log
You reached floor: 3

Log
Seed: 65

Log
Academy resetting

Log
You reached floor: 3

Log
Seed: 89

Log
You reached floor: 3

Log
Seed: 89

Log
Academy resetting

Log
You reached floor: 3

Log
Seed: 30

Log
You reached floor: 4

Log
Seed: 30

Log
Academy resetting

Log
You reached floor: 4

Log
Seed: 70

Log
You reached floor: 1

Log
Seed: 70

Log
Academy resetting

Log
You reached floor: 1

Log
Seed: 86

Log
Academy resetting

Log
You reached floor: 1

Log
Seed: 33

Log
You reached floor: 2

Log
Seed: 33

Log
Academy resetting

Log
Seed: 5

Log
You reached floor: 4

Log
Seed: 5

Log
Academy resetting

Log
You reached floor: 4

Log
Seed: 91

Log
You reached floor: 1

Log
Seed: 91

Log
Academy resetting

Log
Seed: 30

Log
You reached floor: 3

Log
Seed: 30

Log
Academy resetting

Log
You reached floor: 3

Log
Seed: 57

Log
You reached floor: 2

Log
Seed: 57

Log
Academy resetting

Log
You reached floor: 2

Log
Seed: 79

Log
You reached floor: 4

Log
Seed: 79

Log
Academy resetting

Log
You reached floor: 4

Log
Seed: 96

Log
You reached floor: 3

Log
Seed: 96

Log
Academy resetting

Log
You reached floor: 3

Log
Seed: 78

Log
You reached floor: 4

Log
Seed: 78

Log
Academy resetting

Log
You reached floor: 4

Log
Seed: 52

Log
You reached floor: 2

Log
Seed: 52

Log
Academy resetting

Log
You reached floor: 1

Log
Seed: 35

Log
You reached floor: 1

Log
Seed: 35

Log
Academy resetting

Log
Seed: 20

Log
You reached floor: 4

Log
Seed: 20

Log
Academy resetting

Log
You reached floor: 4

Log
Seed: 94

Log
You reached floor: 3

Log
Seed: 94

Log
Academy resetting

Log
You reached floor: 3

Log
Seed: 94

Log
You reached floor: 4

Log
Seed: 94

Log
Academy resetting

Log
You reached floor: 4

Log
Seed: 51

Log
You reached floor: 3

Log
Seed: 51

Log
Academy resetting

Log
You reached floor: 3

Log
Seed: 39

Log
Academy resetting

Log
You reached floor: 1

Log
Seed: 95

Log
You reached floor: 1

Log
Seed: 95

Log
Academy resetting

Log
You reached floor: 1

Log
Seed: 38

Log
You reached floor: 3

Log
Seed: 38

Log
Academy resetting

Log
You reached floor: 3

Log
Seed: 36

Log
You reached floor: 2

Log
Seed: 36

Log
Academy resetting

Log
Seed: 76

Log
You reached floor: 4

Log
Seed: 76

Log
Academy resetting

Log
You reached floor: 4

Log
Seed: 22

Log
You reached floor: 1

Log
Seed: 22

Log
Academy resetting

Log
You reached floor: 1

Log
Seed: 32

Log
You reached floor: 4

Log
Seed: 32

Log
Academy resetting

Log
You reached floor: 4

Log
Seed: 28

Log
You reached floor: 3

Log
Seed: 28

Log
Academy resetting

Log
You reached floor: 3

Log
Seed: 44

Log
You reached floor: 3

Log
Seed: 44

Log
Academy resetting

Log
You reached floor: 3

Log
Seed: 57

Log
You reached floor: 2

Log
Seed: 57

Log
Academy resetting

Log
You reached floor: 2

Log
Seed: 61

Log
You reached floor: 4

Log
Seed: 61

Log
Academy resetting

Log
You reached floor: 4

Log
Seed: 0

Log
You reached floor: 3

Log
Seed: 0

Log
Academy resetting

Log
You reached floor: 3

Log
Seed: 19

Log
You reached floor: 2

Log
Seed: 19

Log
Academy resetting

Log
Seed: 58

Log
You reached floor: 3

Log
Seed: 58

Log
Academy resetting

Log
You reached floor: 3

Log
Seed: 12

Log
You reached floor: 4

Log
Seed: 12

Log
Academy resetting

Log
You reached floor: 4

Log
Seed: 61

Log
Academy resetting

Log
Seed: 36

Log
Seed: 36

Log
Academy resetting

Log
Seed: 57

Log
You reached floor: 1

Log
Seed: 57

Log
Academy resetting

Log
Seed: 7

Log
You reached floor: 3

Log
Seed: 7

Log
Academy resetting

Log
You reached floor: 3

Log
Seed: 55

Log
You reached floor: 3

Log
Seed: 55

Log
Academy resetting

Log
You reached floor: 3

Log
Seed: 46

Log
You reached floor: 1

Log
Seed: 46

Log
Academy resetting

Log
Seed: 84

Log
You reached floor: 4

Log
Seed: 84

Log
Academy resetting

Log
You reached floor: 4

Log
Seed: 89

Log
You reached floor: 4

Log
Seed: 89

Log
Academy resetting

Log
You reached floor: 4

Log
Seed: 92

Log
You reached floor: 1

Log
Seed: 92

Log
Academy resetting

Log
Seed: 22

Log
You reached floor: 3

Log
Seed: 22

Log
Academy resetting

Log
You reached floor: 3

Log
Seed: 4

Log
You reached floor: 2

Log
Seed: 4

Log
Academy resetting

Log
You reached floor: 2

Log
Seed: 2

Log
You reached floor: 3

Log
Seed: 2

Log
Academy resetting

Log
You reached floor: 3

Log
Seed: 17

Log
You reached floor: 2

Log
Seed: 17

Log
Academy resetting

Log
You reached floor: 2

Log
Seed: 96

Log
You reached floor: 1

Log
Seed: 96

Log
Academy resetting

Log
Seed: 43

Log
Academy resetting

Log
You reached floor: 2

Log
Seed: 61

Log
You reached floor: 2

Log
Seed: 61

Log
Academy resetting

Log
You reached floor: 2

Log
Seed: 2

Log
You reached floor: 1

Log
Seed: 2

Log
Academy resetting

Log
Seed: 18

Log
You reached floor: 1

Log
Seed: 18

Log
Academy resetting

Log
You reached floor: 1

Log
Seed: 90

Log
You reached floor: 2

Log
Seed: 90

Log
Academy resetting

Log
You reached floor: 1

Log
Seed: 85

Log
You reached floor: 2

Log
Seed: 85

Log
Academy resetting

Log
You reached floor: 2

Log
Seed: 86

Log
You reached floor: 1

Log
Seed: 86

Log
Academy resetting

Log
You reached floor: 1

Log
Seed: 26

Log
You reached floor: 4

Log
Seed: 26

Log
Academy resetting

Log
You reached floor: 4

Log
Seed: 81

Log
You reached floor: 4

Log
Seed: 81

Log
Academy resetting

Log
You reached floor: 4

Log
Seed: 56

Log
You reached floor: 4

Log
Seed: 56

Log
Academy resetting

Log
You reached floor: 4

Log
Seed: 29

Log
You reached floor: 4

Log
Seed: 29

Log
Academy resetting

Log
You reached floor: 4

Log
Seed: 82

Log
You reached floor: 3

Log
Seed: 82

Log
Academy resetting

Log
You reached floor: 3

Log
Seed: 21

Log
You reached floor: 2

Log
Seed: 21

Log
Academy resetting

Log
You reached floor: 1

Log
Seed: 54

Log
You reached floor: 2

Log
Seed: 54

Log
Academy resetting

Log
You reached floor: 2

Log
Seed: 5

Log
You reached floor: 3

Log
Seed: 5

Log
Academy resetting

Log
You reached floor: 3

Log
Seed: 47

Log
Academy resetting

Log
You reached floor: 4

Log
Seed: 25

Log
You reached floor: 4

Log
Seed: 25

Log
Academy resetting

Log
You reached floor: 4

Log
Seed: 86

Log
You reached floor: 4

Log
Seed: 86

Log
Academy resetting

Log
You reached floor: 4

Log
Seed: 39

Log
You reached floor: 3

Log
Seed: 39

Log
Academy resetting

Log
You reached floor: 2

Log
Seed: 88

Log
You reached floor: 4

Log
Seed: 88

Log
Academy resetting

Log
You reached floor: 4

Log
Seed: 32

Log
You reached floor: 2

Log
Seed: 32

Log
Academy resetting

Log
You reached floor: 2

Log
Seed: 56

Log
You reached floor: 2

Log
Seed: 56

Log
Academy resetting

Log
You reached floor: 2

Log
Seed: 27

Log
You reached floor: 4

Log
Seed: 27

Log
Academy resetting

Log
You reached floor: 4

Log
Seed: 10

Log
You reached floor: 1

Log
Seed: 10

Log
Academy resetting

Log
You reached floor: 1

Log
Seed: 67

Log
You reached floor: 2

Log
Seed: 67

Log
Academy resetting

Log
You reached floor: 2

Log
Seed: 31

Log
You reached floor: 2

Log
Seed: 31

Log
Academy resetting

Log
You reached floor: 2

Log
Seed: 59

Log
You reached floor: 2

Log
Seed: 59

Log
Academy resetting

Log
You reached floor: 2

Log
Seed: 73

Log
Seed: 73

Log
Academy resetting

Log
Seed: 65

Log
You reached floor: 1

Log
Seed: 65

Log
Academy resetting

Log
You reached floor: 1

Log
Seed: 22

Log
You reached floor: 1

Log
Seed: 22

Log
Academy resetting

Log
Seed: 87

Log
Seed: 87

Log
Academy resetting

Log
Seed: 93

Log
Academy resetting

Log
You reached floor: 1

Log
Seed: 75

Log
You reached floor: 1

Log
Seed: 75

Log
Academy resetting

Log
You reached floor: 1

Log
Seed: 7

Log
You reached floor: 2

Log
Seed: 7

Log
Academy resetting

Log
You reached floor: 2

Log
Seed: 1

Log
You reached floor: 1

Log
Seed: 1

Log
Academy resetting

Log
You reached floor: 1

Log
Seed: 87

Log
You reached floor: 4

Log
Seed: 87

Log
Academy resetting

Log
You reached floor: 4

Log
Seed: 16

Log
You reached floor: 2

Log
Seed: 16

Log
Academy resetting

Log
You reached floor: 2

Log
Seed: 67

Log
You reached floor: 4

Log
Seed: 67

Log
Academy resetting

Log
You reached floor: 4

Log
Seed: 17

Log
You reached floor: 1

Log
Seed: 17

Log
Academy resetting

Log
You reached floor: 1

Log
Seed: 19

Log
You reached floor: 3

Log
Seed: 19

Log
Academy resetting

Log
You reached floor: 3

Log
Seed: 78

Log
You reached floor: 1

Log
Seed: 78

Log
Academy resetting

Log
Seed: 94

Log
You reached floor: 2

Log
Seed: 94

Log
Academy resetting

Log
You reached floor: 2

Log
Seed: 10

Log
You reached floor: 2

Log
Seed: 10

Log
Academy resetting

Log
You reached floor: 2

Log
Seed: 82

Log
You reached floor: 3

Log
Seed: 82

Log
Academy resetting

Log
You reached floor: 3

Log
Seed: 56

Log
You reached floor: 1

Log
Seed: 56

Log
Academy resetting

Log
You reached floor: 1

Log
Seed: 92

Log
Seed: 92

Log
Academy resetting

Log
Seed: 62

Log
You reached floor: 1

Log
Seed: 62

Log
Academy resetting

Log
You reached floor: 1

Log
Seed: 55

Log
Academy resetting

Log
You reached floor: 3

Log
Seed: 21

Log
You reached floor: 3

Log
Seed: 21

Log
Academy resetting

Log
You reached floor: 3

Log
Seed: 96

Log
You reached floor: 1

Log
Seed: 96

Log
Academy resetting

Log
You reached floor: 1

Log
Seed: 78

Log
You reached floor: 2

Log
Seed: 78

Log
Academy resetting

Log
You reached floor: 2

Log
Seed: 88

Log
You reached floor: 4

Log
Seed: 88

Log
Academy resetting

Log
You reached floor: 4

Log
Seed: 75

Log
You reached floor: 1

Log
Seed: 75

Log
Academy resetting

Log
You reached floor: 1

Log
Seed: 21

Log
You reached floor: 3

Log
Seed: 21

Log
Academy resetting

Log
You reached floor: 3

Log
Seed: 89

Log
You reached floor: 2

Log
Seed: 89

Log
Academy resetting

Log
You reached floor: 2

Log
Seed: 54

Log
You reached floor: 2

Log
Seed: 54

Log
Academy resetting

Log
You reached floor: 2

Log
Seed: 60

Log
You reached floor: 1

Log
Seed: 60

Log
Academy resetting

Log
You reached floor: 1

Log
Seed: 66

Log
You reached floor: 3

Log
Seed: 66

Log
Academy resetting

Log
You reached floor: 3

Log
Seed: 86

Log
You reached floor: 3

Log
Seed: 86

Log
Academy resetting

Log
You reached floor: 3

Log
Seed: 70

Log
You reached floor: 1

Log
Seed: 70

Log
Academy resetting

Log
You reached floor: 1

Log
Seed: 57

Log
You reached floor: 4

Log
Seed: 57

Log
Academy resetting

Log
You reached floor: 4

Log
Seed: 85

Log
You reached floor: 4

Log
Seed: 85

Log
Academy resetting

Log
You reached floor: 4

Log
Seed: 43

Log
You reached floor: 2

Log
Seed: 43

Log
Academy resetting

Log
You reached floor: 2

Log
Seed: 65

Log
You reached floor: 2

Log
Seed: 65

Log
Academy resetting

Log
You reached floor: 2

Log
Seed: 52

Log
Academy resetting

Log
Seed: 41

Log
Seed: 41

Log
Academy resetting

Log
Seed: 94

Log
You reached floor: 1

Log
Seed: 94

Log
Academy resetting

Log
You reached floor: 1

Log
Seed: 3

Log
You reached floor: 1

Log
Seed: 3

Log
Academy resetting

Log
You reached floor: 1

Log
Seed: 49

Log
You reached floor: 4

Log
Seed: 49

Log
Academy resetting

Log
You reached floor: 4

Log
Seed: 98

Log
You reached floor: 3

Log
Seed: 98

Log
Academy resetting

Log
You reached floor: 3

Log
Seed: 92

Log
You reached floor: 2

Log
Seed: 92

Log
Academy resetting

Log
You reached floor: 2

Log
Seed: 84

Log
Seed: 84

Log
Academy resetting

Log
Seed: 24

Log
You reached floor: 4

Log
Seed: 24

Log
Academy resetting

Log
You reached floor: 4

Log
Seed: 93

Log
You reached floor: 1

Log
Seed: 93

Log
Academy resetting

Log
Seed: 17

Log
You reached floor: 1

Log
Seed: 17

Log
Academy resetting

Log
You reached floor: 1

Log
Seed: 86

Log
You reached floor: 4

Log
Seed: 86

Log
Academy resetting

Log
You reached floor: 4

Log
Seed: 10

Log
You reached floor: 4

Log
Seed: 10

Log
Academy resetting

Log
You reached floor: 4

Log
Seed: 30

Log
Seed: 30

Log
Academy resetting

Log
Seed: 61

Log
You reached floor: 1

Log
Seed: 61

Log
Academy resetting

Log
You reached floor: 1

Log
Seed: 4

Log
You reached floor: 2

Log
Seed: 4

Log
Academy resetting

Log
You reached floor: 2

Log
Seed: 76

Log
Academy resetting

Log
You reached floor: 4

Log
Seed: 3

Log
You reached floor: 4

Log
Seed: 3

Log
Academy resetting

Log
You reached floor: 4

Log
Seed: 98

Log
You reached floor: 3

Log
Seed: 98

Log
Academy resetting

Log
You reached floor: 3

Log
Seed: 86

Log
You reached floor: 2

Log
Seed: 86

Log
Academy resetting

Log
You reached floor: 2

Log
Seed: 58

Log
You reached floor: 3

Log
Seed: 58

Log
Academy resetting

Log
You reached floor: 3

Log
Seed: 61

Log
You reached floor: 3

Log
Seed: 61

Log
Academy resetting

Log
You reached floor: 3

Log
Seed: 40

Log
You reached floor: 3

Log
Seed: 40

Log
Academy resetting

Log
You reached floor: 3

Log
Seed: 84

